<?xml version="1.0" encoding="UTF-8"?>
<!-- Generated by org.testng.reporters.JUnitReportReporter -->
<testsuite hostname="WINAPIHI8VdSW4P" failures="0" tests="1" name="teste.FY21.AppTest" time="0.018" errors="0" timestamp="2021-02-10T11:12:55 BRT" skipped="0">
  <testcase classname="teste.FY21.AppTest" name="shouldAnswerWithTrue" time="0.018"/>
</testsuite> <!-- teste.FY21.AppTest -->
